# JRE version: OpenJDK Runtime Environment Temurin-17.0.3+7 (17.0.3+7) (build 17.0.3+7)
# Java VM: OpenJDK 64-Bit Server VM Temurin-17.0.3+7 (17.0.3+7, mixed mode, sharing, tiered, compressed oops, compressed class ptrs, g1 gc, windows-amd64)
GC Precious Log:
 CPUs: 2 total, 2 available
 Memory: 4095M
 Large Page Support: Disabled
 NUMA Support: Disabled
 Compressed Oops: Enabled (Zero based)
 Heap Region Size: 2M
 Heap Min Capacity: 512M
 Heap Initial Capacity: 512M
 Heap Max Capacity: 4072M
 Pre-touch: Disabled
 Parallel Workers: 2
 Concurrent Workers: 1
 Concurrent Refinement Workers: 2
 Periodic GC: Disabled
 String Deduplication is enabled
Heap:
 garbage-first heap   total 524288K, used 101544K [0x0000000701800000, 0x0000000800000000)
  region size 2048K, 25 young (51200K), 5 survivors (10240K)
 Metaspace       used 49446K, committed 49792K, reserved 1097728K
  class space    used 6487K, committed 6656K, reserved 1048576K
GC Heap History (18 events):
Event: 6.918 GC heap before
{Heap before GC invocations=0 (full 0):
 garbage-first heap   total 524288K, used 81920K [0x0000000701800000, 0x0000000800000000)
  region size 2048K, 40 young (81920K), 0 survivors (0K)
 Metaspace       used 11005K, committed 11264K, reserved 1064960K
  class space    used 972K, committed 1088K, reserved 1048576K
}
Event: 6.947 GC heap after
{Heap after GC invocations=1 (full 0):
 garbage-first heap   total 524288K, used 21889K [0x0000000701800000, 0x0000000800000000)
  region size 2048K, 5 young (10240K), 5 survivors (10240K)
 Metaspace       used 11005K, committed 11264K, reserved 1064960K
  class space    used 972K, committed 1088K, reserved 1048576K
}
Event: 20.985 GC heap before
{Heap before GC invocations=1 (full 0):
 garbage-first heap   total 524288K, used 58753K [0x0000000701800000, 0x0000000800000000)
  region size 2048K, 25 young (51200K), 5 survivors (10240K)
 Metaspace       used 21300K, committed 21504K, reserved 1073152K
  class space    used 2181K, committed 2304K, reserved 1048576K
}
Event: 21.004 GC heap after
{Heap after GC invocations=2 (full 0):
 garbage-first heap   total 524288K, used 26079K [0x0000000701800000, 0x0000000800000000)
  region size 2048K, 3 young (6144K), 3 survivors (6144K)
 Metaspace       used 21300K, committed 21504K, reserved 1073152K
  class space    used 2181K, committed 2304K, reserved 1048576K
}
Event: 54.532 GC heap before
{Heap before GC invocations=3 (full 0):
 garbage-first heap   total 524288K, used 151007K [0x0000000701800000, 0x0000000800000000)
  region size 2048K, 40 young (81920K), 3 survivors (6144K)
 Metaspace       used 28090K, committed 28288K, reserved 1081344K
  class space    used 3046K, committed 3136K, reserved 1048576K
}
Event: 54.542 GC heap after
{Heap after GC invocations=4 (full 0):
 garbage-first heap   total 524288K, used 49864K [0x0000000701800000, 0x0000000800000000)
  region size 2048K, 5 young (10240K), 5 survivors (10240K)
 Metaspace       used 28090K, committed 28288K, reserved 1081344K
  class space    used 3046K, committed 3136K, reserved 1048576K
}
Event: 64.962 GC heap before
{Heap before GC invocations=4 (full 0):
 garbage-first heap   total 524288K, used 121544K [0x0000000701800000, 0x0000000800000000)
  region size 2048K, 40 young (81920K), 5 survivors (10240K)
 Metaspace       used 30421K, committed 30656K, reserved 1081344K
  class space    used 3357K, committed 3456K, reserved 1048576K
}
Event: 64.972 GC heap after
{Heap after GC invocations=5 (full 0):
 garbage-first heap   total 524288K, used 47143K [0x0000000701800000, 0x0000000800000000)
  region size 2048K, 3 young (6144K), 3 survivors (6144K)
 Metaspace       used 30421K, committed 30656K, reserved 1081344K
  class space    used 3357K, committed 3456K, reserved 1048576K
}
Event: 65.079 GC heap before
{Heap before GC invocations=5 (full 0):
 garbage-first heap   total 524288K, used 122919K [0x0000000701800000, 0x0000000800000000)
  region size 2048K, 40 young (81920K), 3 survivors (6144K)
 Metaspace       used 30558K, committed 30784K, reserved 1081344K
  class space    used 3378K, committed 3456K, reserved 1048576K
}
Event: 65.084 GC heap after
{Heap after GC invocations=6 (full 0):
 garbage-first heap   total 524288K, used 46909K [0x0000000701800000, 0x0000000800000000)
  region size 2048K, 3 young (6144K), 3 survivors (6144K)
 Metaspace       used 30558K, committed 30784K, reserved 1081344K
  class space    used 3378K, committed 3456K, reserved 1048576K
}
Event: 79.355 GC heap before
{Heap before GC invocations=6 (full 0):
 garbage-first heap   total 524288K, used 122685K [0x0000000701800000, 0x0000000800000000)
  region size 2048K, 40 young (81920K), 3 survivors (6144K)
 Metaspace       used 32710K, committed 32960K, reserved 1081344K
  class space    used 3653K, committed 3776K, reserved 1048576K
}
Event: 79.369 GC heap after
{Heap after GC invocations=7 (full 0):
 garbage-first heap   total 524288K, used 47318K [0x0000000701800000, 0x0000000800000000)
  region size 2048K, 3 young (6144K), 3 survivors (6144K)
 Metaspace       used 32710K, committed 32960K, reserved 1081344K
  class space    used 3653K, committed 3776K, reserved 1048576K
}
Event: 101.692 GC heap before
{Heap before GC invocations=7 (full 0):
 garbage-first heap   total 524288K, used 123094K [0x0000000701800000, 0x0000000800000000)
  region size 2048K, 40 young (81920K), 3 survivors (6144K)
 Metaspace       used 33890K, committed 34048K, reserved 1081344K
  class space    used 3747K, committed 3840K, reserved 1048576K
}
Event: 101.699 GC heap after
{Heap after GC invocations=8 (full 0):
 garbage-first heap   total 524288K, used 47798K [0x0000000701800000, 0x0000000800000000)
  region size 2048K, 3 young (6144K), 3 survivors (6144K)
 Metaspace       used 33890K, committed 34048K, reserved 1081344K
  class space    used 3747K, committed 3840K, reserved 1048576K
}
Event: 113.889 GC heap before
{Heap before GC invocations=8 (full 0):
 garbage-first heap   total 524288K, used 107190K [0x0000000701800000, 0x0000000800000000)
  region size 2048K, 33 young (67584K), 3 survivors (6144K)
 Metaspace       used 36088K, committed 36288K, reserved 1081344K
  class space    used 4305K, committed 4416K, reserved 1048576K
}
Event: 113.897 GC heap after
{Heap after GC invocations=9 (full 0):
 garbage-first heap   total 524288K, used 48732K [0x0000000701800000, 0x0000000800000000)
  region size 2048K, 2 young (4096K), 2 survivors (4096K)
 Metaspace       used 36088K, committed 36288K, reserved 1081344K
  class space    used 4305K, committed 4416K, reserved 1048576K
}
Event: 149.357 GC heap before
{Heap before GC invocations=10 (full 0):
 garbage-first heap   total 524288K, used 124508K [0x0000000701800000, 0x0000000800000000)
  region size 2048K, 40 young (81920K), 2 survivors (4096K)
 Metaspace       used 47700K, committed 48000K, reserved 1097728K
  class space    used 6157K, committed 6336K, reserved 1048576K
}
Event: 149.429 GC heap after
{Heap after GC invocations=11 (full 0):
 garbage-first heap   total 524288K, used 62632K [0x0000000701800000, 0x0000000800000000)
  region size 2048K, 5 young (10240K), 5 survivors (10240K)
 Metaspace       used 47700K, committed 48000K, reserved 1097728K
  class space    used 6157K, committed 6336K, reserved 1048576K
}

